0 info it worked if it ends with ok
1 verbose cli [ '/home/dvareide/.nvm/versions/node/v6.6.0/bin/node',
1 verbose cli   '/home/dvareide/.nvm/versions/node/v6.6.0/bin/npm',
1 verbose cli   'run',
1 verbose cli   'deploy' ]
2 info using npm@3.10.3
3 info using node@v6.6.0
4 verbose run-script [ 'predeploy', 'deploy', 'postdeploy' ]
5 info lifecycle AwesomeWebsite@1.0.0~predeploy: AwesomeWebsite@1.0.0
6 silly lifecycle AwesomeWebsite@1.0.0~predeploy: no script for predeploy, continuing
7 info lifecycle AwesomeWebsite@1.0.0~deploy: AwesomeWebsite@1.0.0
8 verbose lifecycle AwesomeWebsite@1.0.0~deploy: unsafe-perm in lifecycle true
9 verbose lifecycle AwesomeWebsite@1.0.0~deploy: PATH: /home/dvareide/.nvm/versions/node/v6.6.0/lib/node_modules/npm/bin/node-gyp-bin:/home/dvareide/primus/node_modules/.bin:/home/dvareide/.nvm/versions/node/v6.6.0/bin:/home/dvareide/.nvm/versions/node/v6.6.0/bin:/usr/local/sbin:/usr/local/bin:/usr/sbin:/usr/bin:/sbin:/bin:/usr/games:/usr/local/games
10 verbose lifecycle AwesomeWebsite@1.0.0~deploy: CWD: /home/dvareide/primus
11 silly lifecycle AwesomeWebsite@1.0.0~deploy: Args: [ '-c',
11 silly lifecycle   'git add -A && git commit -m "I dont giva a fuck! " && git push && pm2 deploy production' ]
12 silly lifecycle AwesomeWebsite@1.0.0~deploy: Returned: code: 128  signal: null
13 info lifecycle AwesomeWebsite@1.0.0~deploy: Failed to exec deploy script
14 verbose stack Error: AwesomeWebsite@1.0.0 deploy: `git add -A && git commit -m "I dont giva a fuck! " && git push && pm2 deploy production`
14 verbose stack Exit status 128
14 verbose stack     at EventEmitter.<anonymous> (/home/dvareide/.nvm/versions/node/v6.6.0/lib/node_modules/npm/lib/utils/lifecycle.js:242:16)
14 verbose stack     at emitTwo (events.js:106:13)
14 verbose stack     at EventEmitter.emit (events.js:191:7)
14 verbose stack     at ChildProcess.<anonymous> (/home/dvareide/.nvm/versions/node/v6.6.0/lib/node_modules/npm/lib/utils/spawn.js:40:14)
14 verbose stack     at emitTwo (events.js:106:13)
14 verbose stack     at ChildProcess.emit (events.js:191:7)
14 verbose stack     at maybeClose (internal/child_process.js:877:16)
14 verbose stack     at Process.ChildProcess._handle.onexit (internal/child_process.js:226:5)
15 verbose pkgid AwesomeWebsite@1.0.0
16 verbose cwd /home/dvareide/primus
17 error Linux 3.16.0-38-generic
18 error argv "/home/dvareide/.nvm/versions/node/v6.6.0/bin/node" "/home/dvareide/.nvm/versions/node/v6.6.0/bin/npm" "run" "deploy"
19 error node v6.6.0
20 error npm  v3.10.3
21 error code ELIFECYCLE
22 error AwesomeWebsite@1.0.0 deploy: `git add -A && git commit -m "I dont giva a fuck! " && git push && pm2 deploy production`
22 error Exit status 128
23 error Failed at the AwesomeWebsite@1.0.0 deploy script 'git add -A && git commit -m "I dont giva a fuck! " && git push && pm2 deploy production'.
23 error Make sure you have the latest version of node.js and npm installed.
23 error If you do, this is most likely a problem with the AwesomeWebsite package,
23 error not with npm itself.
23 error Tell the author that this fails on your system:
23 error     git add -A && git commit -m "I dont giva a fuck! " && git push && pm2 deploy production
23 error You can get information on how to open an issue for this project with:
23 error     npm bugs AwesomeWebsite
23 error Or if that isn't available, you can get their info via:
23 error     npm owner ls AwesomeWebsite
23 error There is likely additional logging output above.
24 verbose exit [ 1, true ]
